<?xml version="1.0" encoding="UTF-8"?>
<testsuite xmlns:xsi="http://www.w3.org/2001/XMLSchema-instance" xsi:noNamespaceSchemaLocation="https://maven.apache.org/surefire/maven-surefire-plugin/xsd/surefire-test-report-3.0.xsd" version="3.0" name="com.udacity.catpoint.servicesecurity.SecurityServiceTest" time="0.889" tests="16" errors="0" skipped="0" failures="0">
  <properties>
[...]
</properties>
  <testcase name="_11_ifArmingStatusDisarmedAndImageServiceIdentifiesCatThenArmingStatusArmedHome_SetToAlarmStatusAlarm" classname="com.udacity.catpoint.servicesecurity.SecurityServiceTest" time="0.581"/>
  <testcase name="_8_ifImageServiceIdentifiesNotCatAndSensorsDeactivated_SetToAlarmStatusNoAlarm" classname="com.udacity.catpoint.servicesecurity.SecurityServiceTest" time="0.109"/>
  <testcase name="_12a_ifArmingStatusDisarmedAndSensorActivated_NoChangeArmingStatus(AlarmStatus)[1]" classname="com.udacity.catpoint.servicesecurity.SecurityServiceTest" time="0.031"/>
  <testcase name="_12a_ifArmingStatusDisarmedAndSensorActivated_NoChangeArmingStatus(AlarmStatus)[2]" classname="com.udacity.catpoint.servicesecurity.SecurityServiceTest" time="0.016"/>
  <testcase name="_6_ifAlarmStatusNoAlarm_OneSensorDeactivated_NoChangetoAlarmStatus" classname="com.udacity.catpoint.servicesecurity.SecurityServiceTest" time="0"/>
  <testcase name="_7_ifArmingStatusArmedHomeAndImageServiceIdentifiesCat_SetToAlarmStatusAlarm" classname="com.udacity.catpoint.servicesecurity.SecurityServiceTest" time="0"/>
  <testcase name="_10_ifArmingStatusArmed_SetAllSensorsDeactivated(ArmingStatus)[1]" classname="com.udacity.catpoint.servicesecurity.SecurityServiceTest" time="0.016"/>
  <testcase name="_10_ifArmingStatusArmed_SetAllSensorsDeactivated(ArmingStatus)[2]" classname="com.udacity.catpoint.servicesecurity.SecurityServiceTest" time="0"/>
  <testcase name="_1_ifAlarmArmedAndAlarmStatusNoAlarmAndSensorActivated_SetToAlarmStatusPending" classname="com.udacity.catpoint.servicesecurity.SecurityServiceTest" time="0"/>
  <testcase name="_2_ifAlarmArmedAndAlarmStatusPendingAndSensorActivated_SetToAlarmStatusAlarm" classname="com.udacity.catpoint.servicesecurity.SecurityServiceTest" time="0"/>
  <testcase name="_4_ifAlarmStatusAlarm_SensorStateChanged_NoChangeToAlarmStatus(Boolean)[1]" classname="com.udacity.catpoint.servicesecurity.SecurityServiceTest" time="0"/>
  <testcase name="_4_ifAlarmStatusAlarm_SensorStateChanged_NoChangeToAlarmStatus(Boolean)[2]" classname="com.udacity.catpoint.servicesecurity.SecurityServiceTest" time="0.016"/>
  <testcase name="_3_ifAlarmArmedAndAlarmStatusPendingAndSensorNotActivated_SetToAlarmStatusNoAlarm" classname="com.udacity.catpoint.servicesecurity.SecurityServiceTest" time="0"/>
  <testcase name="_9_ifArmingStatusDisarmed_SetToAlarmStatusNoAlarm" classname="com.udacity.catpoint.servicesecurity.SecurityServiceTest" time="0"/>
  <testcase name="_5_ifAlarmStatusPendingAndSensorActivated_AddnSensorActivated_SetToAlarmStatusAlarm" classname="com.udacity.catpoint.servicesecurity.SecurityServiceTest" time="0"/>
  <testcase name="_12_ifAlarmDisarmedAndAlarmStatusAlarm_SensorDeactivated" classname="com.udacity.catpoint.servicesecurity.SecurityServiceTest" time="0"/>
</testsuite>